<?xml version="1.0" encoding="UTF-8"?>
<!-- Generated by org.testng.reporters.JUnitReportReporter -->
<testsuite hostname="DESKTOP-SUFA48T" failures="0" tests="1" name="com.test.TC_LF_001" time="5.769" errors="0" timestamp="2024-01-17T14:47:56 IST" skipped="0">
  <testcase classname="com.test.TC_LF_001" name="Login" time="5.769"/>
</testsuite> <!-- com.test.TC_LF_001 -->
