<?xml version="1.0" encoding="UTF-8"?>
<!-- Generated by org.testng.reporters.JUnitReportReporter -->
<testsuite hostname="DESKTOP-5D7H31A" failures="0" tests="1" name="com.test.Sample" time="48.950" errors="0" timestamp="2024-01-10T01:57:13 IST" skipped="0">
  <testcase classname="com.test.Sample" name="demo" time="48.950"/>
</testsuite> <!-- com.test.Sample -->
