<?xml version="1.0" encoding="UTF-8"?>
<!-- Generated by org.testng.reporters.JUnitReportReporter -->
<testsuite hostname="DESKTOP-5D7H31A" failures="0" tests="1" name="com.test.TC_RF_001" time="21.044" errors="0" timestamp="2024-01-10T23:45:14 IST" skipped="0">
  <testcase classname="com.test.TC_RF_001" name="register" time="21.044"/>
</testsuite> <!-- com.test.TC_RF_001 -->
