<?xml version="1.0" encoding="UTF-8"?>
<!-- Generated by org.testng.reporters.JUnitReportReporter -->
<testsuite hostname="DESKTOP-5D7H31A" failures="0" tests="1" name="com.test.TC_RF_009" time="12.191" errors="0" timestamp="2024-01-11T00:58:23 IST" skipped="0">
  <testcase classname="com.test.TC_RF_009" name="register" time="12.191"/>
</testsuite> <!-- com.test.TC_RF_009 -->
