<?xml version="1.0" encoding="UTF-8"?>
<!-- Generated by org.testng.reporters.JUnitReportReporter -->
<testsuite hostname="DESKTOP-5D7H31A" failures="0" tests="1" name="com.test.TC_RF_004" time="15.682" errors="0" timestamp="2024-01-11T00:45:48 IST" skipped="0">
  <testcase classname="com.test.TC_RF_004" name="register" time="15.682"/>
</testsuite> <!-- com.test.TC_RF_004 -->
