<?xml version="1.0" encoding="UTF-8"?>
<!-- Generated by org.testng.reporters.JUnitReportReporter -->
<testsuite hostname="DESKTOP-5D7H31A" failures="0" tests="1" name="com.test.TC_LF_001" time="11.367" errors="0" timestamp="2024-01-11T02:08:37 IST" skipped="0">
  <testcase classname="com.test.TC_LF_001" name="Login" time="11.367"/>
</testsuite> <!-- com.test.TC_LF_001 -->
